-------------------------------------------------------------------------------
Test set: com.eodessa.test.PushConfigurationTest
-------------------------------------------------------------------------------
Tests run: 2, Failures: 1, Errors: 0, Skipped: 0, Time elapsed: 4.614 sec <<< FAILURE! - in com.eodessa.test.PushConfigurationTest
validatePathParameter(com.eodessa.test.PushConfigurationTest)  Time elapsed: 1.567 sec  <<< FAILURE!
java.lang.AssertionError: expected [1] but found [0]
	at com.eodessa.test.PushConfigurationTest.validatePathParameter(PushConfigurationTest.java:62)

