<?xml version="1.0" encoding="UTF-8"?>
<testsuite xmlns:xsi="http://www.w3.org/2001/XMLSchema-instance" xsi:schemaLocation="https://maven.apache.org/surefire/maven-surefire-plugin/xsd/surefire-test-report.xsd" name="com.eodessa.test.PushConfigurationTest" time="4.614" tests="2" errors="0" skipped="0" failures="1">
  <properties>
[...]
</properties>
  <testcase name="getPushConfiguration" classname="com.eodessa.test.PushConfigurationTest" time="2.134"/>
  <testcase name="validatePathParameter" classname="com.eodessa.test.PushConfigurationTest" time="1.567">
    <failure message="expected [1] but found [0]" type="java.lang.AssertionError">java.lang.AssertionError: expected [1] but found [0]
	at com.eodessa.test.PushConfigurationTest.validatePathParameter(PushConfigurationTest.java:62)
</failure>
    <system-out><![CDATA[Request method:	GET
Request URI:	https://push.notification.marketing:443/api/apiservice.svc/GetPushConfiguration/company/1/widget/1
Proxy:			<none>
Request params:	<none>
Query params:	<none>
Form params:	<none>
Path params:	widgetId=1
				companyId=1
Multiparts:		<none>
Headers:		Accept=*/*
				Content-Type=application/json; charset=UTF-8
Cookies:		<none>
Body:			<none>
HTTP/1.1 200 OK
Cache-Control: private
Content-Length: 489
Content-Type: application/json; charset=utf-8
Server: Microsoft-IIS/8.5
X-Powered-By: ASP.NET
Date: Mon, 20 Mar 2017 22:51:05 GMT

{
    "Alignment": 1,
    "Category": {
        "CategoryName": "Default",
        "Id": 1
    },
    "Company": {
        "CompanyId": 1,
        "CompanyLogo": "https://www.rating-system.com/customer/icon-76@2x.png",
        "CompanyName": "Rating System",
        "IsPaid": true,
        "IsShowAds": false
    },
    "Delay": 2,
    "Id": 1,
    "Logo": "https://push.notification.marketing/customer/icon-76@2x.png",
    "SubTitle": "You can turn it off whenever you like",
    "SubscribeText": "Subscribe",
    "Title": "Do you like to receive push notifications from XYZ Inc?",
    "UnSubscribeText": "Unsubscribe"
}
Request method:	GET
Request URI:	https://push.notification.marketing:443/api/apiservice.svc/GetPushConfiguration/company/1/widget/1
Proxy:			<none>
Request params:	<none>
Query params:	<none>
Form params:	<none>
Path params:	widgetId=1
				companyId=1
Multiparts:		<none>
Headers:		Accept=*/*
				Content-Type=application/json; charset=UTF-8
Cookies:		<none>
Body:			<none>
]]></system-out>
  </testcase>
</testsuite>